<?xml version="1.0" encoding="UTF-8"?>
<testsuite xmlns:xsi="http://www.w3.org/2001/XMLSchema-instance" xsi:schemaLocation="https://maven.apache.org/surefire/maven-surefire-plugin/xsd/surefire-test-report.xsd" name="TestSuite" time="117.793" tests="2" errors="0" skipped="0" failures="1">
  <properties>
[...]
</properties>
  <testcase name="commentAddingTest" classname="StoreChallengeTest" time="26.121"/>
  <testcase name="feature" classname="OpenWeatherAPITest" time="46.044">
    <failure message="java.lang.AssertionError: Expected response code 200 but was:  expected [0] but found [200]" type="cucumber.runtime.CucumberException">cucumber.runtime.CucumberException: java.lang.AssertionError: Expected response code 200 but was:  expected [0] but found [200]
	at OpenWeatherAPITest.feature(OpenWeatherAPITest.java:23)
Caused by: java.lang.AssertionError: Expected response code 200 but was:  expected [0] but found [200]
</failure>
    <system-err><![CDATA[WARNING: Mapping Cucumber Features to TestNG test is deprecated. Please use TestNGCucumberRunner.providePickleEvent as data provider.
]]></system-err>
  </testcase>
</testsuite>